<?xml version="1.0" encoding="UTF-8"?>
<!-- Generated by org.testng.reporters.JUnitReportReporter -->
<testsuite hostname="LENOVO-PC" failures="0" tests="5" name="googletest.GO_TC1234_VERIFY_HOME_PAGE" time="46.903" errors="0" timestamp="2023-08-20T00:24:42 IST" skipped="0">
  <testcase classname="googletest.GO_TC1234_VERIFY_HOME_PAGE" name="verifyGooglePageOpen" time="4.650"/>
  <system-out>
waiting for 1000 milisec waiting for 1000 milisec verifyGooglePageOpenTEST IS SUCESSFUL  </system-out>
  <testcase classname="googletest.GO_TC1234_VERIFY_HOME_PAGE" name="verifyPagename" time="6.234"/>
  <system-out>
waiting for 1000 milisec waiting for 1000 milisec verifyPagenameTEST IS SUCESSFUL  </system-out>
  <testcase classname="googletest.GO_TC1234_VERIFY_HOME_PAGE" name="verifyGoogleTab" time="2.059"/>
  <system-out>
waiting for 1000 milisec waiting for 1000 milisec verifyGoogleTabTEST IS SUCESSFUL  </system-out>
  <testcase classname="googletest.GO_TC1234_VERIFY_HOME_PAGE" name="verifyGoogleAccept" time="2.050"/>
  <system-out>
waiting for 1000 milisec verifyGoogleAcceptTEST IS SUCESSFUL  </system-out>
  <testcase classname="googletest.GO_TC1234_VERIFY_HOME_PAGE" name="selectWord" time="31.910"/>
  <system-out>
selectWordTEST IS SUCESSFUL  </system-out>
</testsuite> <!-- googletest.GO_TC1234_VERIFY_HOME_PAGE -->
